<?xml version="1.0" encoding="UTF-8"?>
<!-- Generated by org.testng.reporters.JUnitReportReporter -->
<testsuite skipped="0" hostname="DESKTOP-6UF45NS" name="SeleinumProgramms.InvocationCountTest" tests="11" failures="0" timestamp="30 Apr 2020 14:13:09 GMT" time="0.059" errors="0">
  <testcase name="homePageUserInfoTest" time="0.004" classname="SeleinumProgramms.InvocationCountTest"/>
  <testcase name="homePageUserInfoTest" time="0.003" classname="SeleinumProgramms.InvocationCountTest"/>
  <testcase name="homePageUserInfoTest" time="0.002" classname="SeleinumProgramms.InvocationCountTest"/>
  <testcase name="homePageUserInfoTest" time="0.002" classname="SeleinumProgramms.InvocationCountTest"/>
  <testcase name="homePageUserInfoTest" time="0.004" classname="SeleinumProgramms.InvocationCountTest"/>
  <testcase name="homePageHeaderTest" time="0.031" classname="SeleinumProgramms.InvocationCountTest"/>
  <testcase name="homePageUserInfoTest" time="0.002" classname="SeleinumProgramms.InvocationCountTest"/>
  <testcase name="homePageUserInfoTest" time="0.002" classname="SeleinumProgramms.InvocationCountTest"/>
  <testcase name="homePageUserInfoTest" time="0.003" classname="SeleinumProgramms.InvocationCountTest"/>
  <testcase name="homePageUserInfoTest" time="0.004" classname="SeleinumProgramms.InvocationCountTest"/>
  <testcase name="homePageUserInfoTest" time="0.002" classname="SeleinumProgramms.InvocationCountTest"/>
</testsuite> <!-- SeleinumProgramms.InvocationCountTest -->
