<?xml version="1.0" encoding="UTF-8"?>
<!-- Generated by org.testng.reporters.JUnitReportReporter -->
<testsuite skipped="0" hostname="DESKTOP-6UF45NS" name="SeleinumProgramms.RetrievingPageTitleWithoutGetTitle" tests="1" failures="0" timestamp="30 Apr 2020 14:23:07 GMT" time="27.718" errors="0">
  <testcase name="GetTitle" time="27.718" classname="SeleinumProgramms.RetrievingPageTitleWithoutGetTitle"/>
</testsuite> <!-- SeleinumProgramms.RetrievingPageTitleWithoutGetTitle -->
